{"/home/medtrainer/Downloads/Emmanuel/Study/09-Node/05-noc/src/domain/entities/log.entity.ts": {"path":"/home/medtrainer/Downloads/Emmanuel/Study/09-Node/05-noc/src/domain/entities/log.entity.ts","all":false,"statementMap":{"0":{"start":{"line":1,"column":0},"end":{"line":1,"column":30}},"1":{"start":{"line":2,"column":0},"end":{"line":2,"column":14}},"2":{"start":{"line":3,"column":0},"end":{"line":3,"column":20}},"3":{"start":{"line":4,"column":0},"end":{"line":4,"column":16}},"4":{"start":{"line":5,"column":0},"end":{"line":5,"column":1}},"5":{"start":{"line":6,"column":0},"end":{"line":6,"column":0}},"6":{"start":{"line":7,"column":0},"end":{"line":7,"column":35}},"7":{"start":{"line":8,"column":0},"end":{"line":8,"column":26}},"8":{"start":{"line":9,"column":0},"end":{"line":9,"column":18}},"9":{"start":{"line":10,"column":0},"end":{"line":10,"column":17}},"10":{"start":{"line":11,"column":0},"end":{"line":11,"column":19}},"11":{"start":{"line":12,"column":0},"end":{"line":12,"column":1}},"12":{"start":{"line":13,"column":0},"end":{"line":13,"column":0}},"13":{"start":{"line":14,"column":0},"end":{"line":14,"column":24}},"14":{"start":{"line":15,"column":0},"end":{"line":15,"column":42}},"15":{"start":{"line":16,"column":0},"end":{"line":16,"column":25}},"16":{"start":{"line":17,"column":0},"end":{"line":17,"column":25}},"17":{"start":{"line":18,"column":0},"end":{"line":18,"column":24}},"18":{"start":{"line":19,"column":0},"end":{"line":19,"column":0}},"19":{"start":{"line":20,"column":0},"end":{"line":20,"column":42}},"20":{"start":{"line":21,"column":0},"end":{"line":21,"column":71}},"21":{"start":{"line":22,"column":0},"end":{"line":22,"column":0}},"22":{"start":{"line":23,"column":0},"end":{"line":23,"column":23}},"23":{"start":{"line":24,"column":0},"end":{"line":24,"column":27}},"24":{"start":{"line":25,"column":0},"end":{"line":25,"column":25}},"25":{"start":{"line":26,"column":0},"end":{"line":26,"column":31}},"26":{"start":{"line":27,"column":0},"end":{"line":27,"column":3}},"27":{"start":{"line":28,"column":0},"end":{"line":28,"column":0}},"28":{"start":{"line":29,"column":0},"end":{"line":29,"column":44}},"29":{"start":{"line":30,"column":0},"end":{"line":30,"column":29}},"30":{"start":{"line":31,"column":0},"end":{"line":31,"column":65}},"31":{"start":{"line":32,"column":0},"end":{"line":32,"column":5}},"32":{"start":{"line":33,"column":0},"end":{"line":33,"column":0}},"33":{"start":{"line":34,"column":0},"end":{"line":34,"column":67}},"34":{"start":{"line":35,"column":0},"end":{"line":35,"column":69}},"35":{"start":{"line":36,"column":0},"end":{"line":36,"column":40}},"36":{"start":{"line":37,"column":0},"end":{"line":37,"column":0}},"37":{"start":{"line":38,"column":0},"end":{"line":38,"column":15}},"38":{"start":{"line":39,"column":0},"end":{"line":39,"column":3}},"39":{"start":{"line":40,"column":0},"end":{"line":40,"column":0}},"40":{"start":{"line":41,"column":0},"end":{"line":41,"column":70}},"41":{"start":{"line":42,"column":0},"end":{"line":42,"column":57}},"42":{"start":{"line":43,"column":0},"end":{"line":43,"column":0}},"43":{"start":{"line":44,"column":0},"end":{"line":44,"column":69}},"44":{"start":{"line":45,"column":0},"end":{"line":45,"column":0}},"45":{"start":{"line":46,"column":0},"end":{"line":46,"column":15}},"46":{"start":{"line":47,"column":0},"end":{"line":47,"column":4}},"47":{"start":{"line":48,"column":0},"end":{"line":48,"column":1}}},"s":{"0":1,"1":1,"2":1,"3":1,"4":1,"5":1,"6":1,"7":1,"8":1,"9":1,"10":1,"11":1,"12":1,"13":1,"14":1,"15":1,"16":1,"17":1,"18":1,"19":1,"20":2,"21":2,"22":2,"23":2,"24":2,"25":2,"26":2,"27":1,"28":1,"29":0,"30":0,"31":0,"32":0,"33":0,"34":0,"35":0,"36":0,"37":0,"38":0,"39":1,"40":1,"41":0,"42":0,"43":0,"44":0,"45":0,"46":1,"47":1},"branchMap":{"0":{"type":"branch","line":1,"loc":{"start":{"line":1,"column":0},"end":{"line":5,"column":1}},"locations":[{"start":{"line":1,"column":0},"end":{"line":5,"column":1}}]},"1":{"type":"branch","line":20,"loc":{"start":{"line":20,"column":2},"end":{"line":27,"column":3}},"locations":[{"start":{"line":20,"column":2},"end":{"line":27,"column":3}}]}},"b":{"0":[1],"1":[2]},"fnMap":{"0":{"name":"LogEntity","decl":{"start":{"line":20,"column":2},"end":{"line":27,"column":3}},"loc":{"start":{"line":20,"column":2},"end":{"line":27,"column":3}},"line":20},"1":{"name":"fromJSON","decl":{"start":{"line":29,"column":9},"end":{"line":39,"column":3}},"loc":{"start":{"line":29,"column":9},"end":{"line":39,"column":3}},"line":29},"2":{"name":"fromObject","decl":{"start":{"line":41,"column":22},"end":{"line":47,"column":3}},"loc":{"start":{"line":41,"column":22},"end":{"line":47,"column":3}},"line":41}},"f":{"0":2,"1":0,"2":0}}
,"/home/medtrainer/Downloads/Emmanuel/Study/09-Node/05-noc/src/domain/use-cases/check/check-service-multiple.ts": {"path":"/home/medtrainer/Downloads/Emmanuel/Study/09-Node/05-noc/src/domain/use-cases/check/check-service-multiple.ts","all":false,"statementMap":{"0":{"start":{"line":1,"column":0},"end":{"line":1,"column":72}},"1":{"start":{"line":2,"column":0},"end":{"line":2,"column":64}},"2":{"start":{"line":3,"column":0},"end":{"line":3,"column":0}},"3":{"start":{"line":4,"column":0},"end":{"line":4,"column":39}},"4":{"start":{"line":5,"column":0},"end":{"line":5,"column":41}},"5":{"start":{"line":6,"column":0},"end":{"line":6,"column":1}},"6":{"start":{"line":7,"column":0},"end":{"line":7,"column":0}},"7":{"start":{"line":8,"column":0},"end":{"line":8,"column":46}},"8":{"start":{"line":9,"column":0},"end":{"line":9,"column":57}},"9":{"start":{"line":10,"column":0},"end":{"line":10,"column":0}},"10":{"start":{"line":11,"column":0},"end":{"line":11,"column":74}},"11":{"start":{"line":12,"column":0},"end":{"line":12,"column":14}},"12":{"start":{"line":13,"column":0},"end":{"line":13,"column":106}},"13":{"start":{"line":14,"column":0},"end":{"line":14,"column":85}},"14":{"start":{"line":15,"column":0},"end":{"line":15,"column":52}},"15":{"start":{"line":16,"column":0},"end":{"line":16,"column":54}},"16":{"start":{"line":17,"column":0},"end":{"line":17,"column":50}},"17":{"start":{"line":18,"column":0},"end":{"line":18,"column":5}},"18":{"start":{"line":19,"column":0},"end":{"line":19,"column":63}},"19":{"start":{"line":20,"column":0},"end":{"line":20,"column":3}},"20":{"start":{"line":21,"column":0},"end":{"line":21,"column":0}},"21":{"start":{"line":22,"column":0},"end":{"line":22,"column":36}},"22":{"start":{"line":23,"column":0},"end":{"line":23,"column":78}},"23":{"start":{"line":24,"column":0},"end":{"line":24,"column":3}},"24":{"start":{"line":25,"column":0},"end":{"line":25,"column":0}},"25":{"start":{"line":26,"column":0},"end":{"line":26,"column":55}},"26":{"start":{"line":27,"column":0},"end":{"line":27,"column":9}},"27":{"start":{"line":28,"column":0},"end":{"line":28,"column":35}},"28":{"start":{"line":29,"column":0},"end":{"line":29,"column":0}},"29":{"start":{"line":30,"column":0},"end":{"line":30,"column":20}},"30":{"start":{"line":31,"column":0},"end":{"line":31,"column":74}},"31":{"start":{"line":32,"column":0},"end":{"line":32,"column":7}},"32":{"start":{"line":33,"column":0},"end":{"line":33,"column":0}},"33":{"start":{"line":34,"column":0},"end":{"line":34,"column":33}},"34":{"start":{"line":35,"column":0},"end":{"line":35,"column":36}},"35":{"start":{"line":36,"column":0},"end":{"line":36,"column":42}},"36":{"start":{"line":37,"column":0},"end":{"line":37,"column":35}},"37":{"start":{"line":38,"column":0},"end":{"line":38,"column":9}},"38":{"start":{"line":39,"column":0},"end":{"line":39,"column":0}},"39":{"start":{"line":40,"column":0},"end":{"line":40,"column":25}},"40":{"start":{"line":41,"column":0},"end":{"line":41,"column":114}},"41":{"start":{"line":42,"column":0},"end":{"line":42,"column":0}},"42":{"start":{"line":43,"column":0},"end":{"line":43,"column":63}},"43":{"start":{"line":44,"column":0},"end":{"line":44,"column":21}},"44":{"start":{"line":45,"column":0},"end":{"line":45,"column":63}},"45":{"start":{"line":46,"column":0},"end":{"line":46,"column":33}},"46":{"start":{"line":47,"column":0},"end":{"line":47,"column":37}},"47":{"start":{"line":48,"column":0},"end":{"line":48,"column":30}},"48":{"start":{"line":49,"column":0},"end":{"line":49,"column":35}},"49":{"start":{"line":50,"column":0},"end":{"line":50,"column":9}},"50":{"start":{"line":51,"column":0},"end":{"line":51,"column":0}},"51":{"start":{"line":52,"column":0},"end":{"line":52,"column":25}},"52":{"start":{"line":53,"column":0},"end":{"line":53,"column":124}},"53":{"start":{"line":54,"column":0},"end":{"line":54,"column":0}},"54":{"start":{"line":55,"column":0},"end":{"line":55,"column":74}},"55":{"start":{"line":56,"column":0},"end":{"line":56,"column":5}},"56":{"start":{"line":57,"column":0},"end":{"line":57,"column":3}},"57":{"start":{"line":58,"column":0},"end":{"line":58,"column":1}}},"s":{"0":1,"1":1,"2":1,"3":1,"4":1,"5":1,"6":1,"7":1,"8":1,"9":1,"10":1,"11":1,"12":1,"13":1,"14":1,"15":1,"16":1,"17":1,"18":1,"19":1,"20":1,"21":1,"22":2,"23":2,"24":1,"25":1,"26":2,"27":2,"28":1,"29":2,"30":0,"31":0,"32":1,"33":1,"34":1,"35":1,"36":1,"37":1,"38":1,"39":1,"40":2,"41":2,"42":2,"43":2,"44":1,"45":1,"46":1,"47":1,"48":1,"49":1,"50":1,"51":1,"52":1,"53":1,"54":1,"55":1,"56":2,"57":1},"branchMap":{"0":{"type":"branch","line":11,"loc":{"start":{"line":11,"column":33},"end":{"line":58,"column":1}},"locations":[{"start":{"line":11,"column":33},"end":{"line":58,"column":1}}]},"1":{"type":"branch","line":12,"loc":{"start":{"line":12,"column":2},"end":{"line":20,"column":3}},"locations":[{"start":{"line":12,"column":2},"end":{"line":20,"column":3}}]},"2":{"type":"branch","line":22,"loc":{"start":{"line":22,"column":10},"end":{"line":24,"column":3}},"locations":[{"start":{"line":22,"column":10},"end":{"line":24,"column":3}}]},"3":{"type":"branch","line":23,"loc":{"start":{"line":23,"column":31},"end":{"line":23,"column":76}},"locations":[{"start":{"line":23,"column":31},"end":{"line":23,"column":76}}]},"4":{"type":"branch","line":26,"loc":{"start":{"line":26,"column":9},"end":{"line":57,"column":3}},"locations":[{"start":{"line":26,"column":9},"end":{"line":57,"column":3}}]},"5":{"type":"branch","line":29,"loc":{"start":{"line":29,"column":-1},"end":{"line":30,"column":19}},"locations":[{"start":{"line":29,"column":-1},"end":{"line":30,"column":19}}]},"6":{"type":"branch","line":30,"loc":{"start":{"line":30,"column":19},"end":{"line":32,"column":7}},"locations":[{"start":{"line":30,"column":19},"end":{"line":32,"column":7}}]},"7":{"type":"branch","line":33,"loc":{"start":{"line":33,"column":-1},"end":{"line":41,"column":32}},"locations":[{"start":{"line":33,"column":-1},"end":{"line":41,"column":32}}]},"8":{"type":"branch","line":41,"loc":{"start":{"line":41,"column":28},"end":{"line":41,"column":54}},"locations":[{"start":{"line":41,"column":28},"end":{"line":41,"column":54}}]},"9":{"type":"branch","line":44,"loc":{"start":{"line":44,"column":6},"end":{"line":56,"column":5}},"locations":[{"start":{"line":44,"column":6},"end":{"line":56,"column":5}}]},"10":{"type":"branch","line":53,"loc":{"start":{"line":53,"column":38},"end":{"line":53,"column":74}},"locations":[{"start":{"line":53,"column":38},"end":{"line":53,"column":74}}]}},"b":{"0":[1],"1":[1],"2":[2],"3":[6],"4":[2],"5":[1],"6":[0],"7":[1],"8":[0],"9":[1],"10":[0]},"fnMap":{"0":{"name":"<instance_members_initializer>","decl":{"start":{"line":11,"column":33},"end":{"line":58,"column":1}},"loc":{"start":{"line":11,"column":33},"end":{"line":58,"column":1}},"line":11},"1":{"name":"CheckServiceMultiple","decl":{"start":{"line":12,"column":2},"end":{"line":20,"column":3}},"loc":{"start":{"line":12,"column":2},"end":{"line":20,"column":3}},"line":12},"2":{"name":"callLogs","decl":{"start":{"line":22,"column":10},"end":{"line":24,"column":3}},"loc":{"start":{"line":22,"column":10},"end":{"line":24,"column":3}},"line":22},"3":{"name":"execute","decl":{"start":{"line":26,"column":9},"end":{"line":57,"column":3}},"loc":{"start":{"line":26,"column":9},"end":{"line":57,"column":3}},"line":26}},"f":{"0":1,"1":1,"2":2,"3":2}}
}
