TN:
SF:src/domain/entities/log.entity.ts
FN:20,LogEntity
FN:29,fromJSON
FN:41,fromObject
FNF:3
FNH:2
FNDA:11,LogEntity
FNDA:5,fromJSON
FNDA:0,fromObject
DA:1,1
DA:2,1
DA:3,1
DA:4,1
DA:5,1
DA:6,1
DA:7,1
DA:8,1
DA:9,1
DA:10,1
DA:11,1
DA:12,1
DA:13,1
DA:14,1
DA:15,1
DA:16,1
DA:17,1
DA:18,1
DA:19,1
DA:20,1
DA:21,11
DA:22,11
DA:23,11
DA:24,11
DA:25,11
DA:26,11
DA:27,11
DA:28,1
DA:29,1
DA:30,5
DA:31,0
DA:32,0
DA:33,5
DA:34,5
DA:35,5
DA:36,5
DA:37,5
DA:38,5
DA:39,5
DA:40,1
DA:41,1
DA:42,0
DA:43,0
DA:44,0
DA:45,0
DA:46,0
DA:47,1
DA:48,1
LF:48
LH:41
BRDA:1,0,0,1
BRDA:20,1,0,11
BRDA:29,2,0,5
BRDA:30,3,0,0
BRF:4
BRH:3
end_of_record
